<?xml version="1.0" encoding="UTF-8"?>
<!-- Generated by org.testng.reporters.JUnitReportReporter -->
<testsuite hostname="hO-PC" name="demo.TC1" tests="1" failures="0" timestamp="26 Dec 2017 17:04:19 GMT" time="0.181" errors="0">
  <testcase name="applicationLogin" time="0.181" classname="demo.TC1"/>
</testsuite> <!-- demo.TC1 -->
